<?xml version="1.0" encoding="UTF-8"?>
<testsuite xmlns:xsi="http://www.w3.org/2001/XMLSchema-instance" xsi:noNamespaceSchemaLocation="https://maven.apache.org/surefire/maven-surefire-plugin/xsd/surefire-test-report-3.0.xsd" version="3.0" name="org.owasp.webgoat.SSRFTest" time="0.064" tests="1" errors="1" skipped="0" failures="0">
  <properties>
    <property name="java.specification.version" value="17"/>
    <property name="sun.jnu.encoding" value="UTF-8"/>
    <property name="java.class.path" value="/root/demo/sonarqube/WebGoat/webgoat-integration-tests/target/test-classes:/root/demo/sonarqube/WebGoat/webgoat-integration-tests/target/classes:/root/.m2/repository/org/seleniumhq/selenium/selenium-java/3.141.59/selenium-java-3.141.59.jar:/root/.m2/repository/org/seleniumhq/selenium/selenium-api/3.141.59/selenium-api-3.141.59.jar:/root/.m2/repository/org/seleniumhq/selenium/selenium-chrome-driver/3.141.59/selenium-chrome-driver-3.141.59.jar:/root/.m2/repository/org/seleniumhq/selenium/selenium-edge-driver/3.141.59/selenium-edge-driver-3.141.59.jar:/root/.m2/repository/org/seleniumhq/selenium/selenium-firefox-driver/3.141.59/selenium-firefox-driver-3.141.59.jar:/root/.m2/repository/org/seleniumhq/selenium/selenium-ie-driver/3.141.59/selenium-ie-driver-3.141.59.jar:/root/.m2/repository/org/seleniumhq/selenium/selenium-opera-driver/3.141.59/selenium-opera-driver-3.141.59.jar:/root/.m2/repository/org/seleniumhq/selenium/selenium-remote-driver/3.141.59/selenium-remote-driver-3.141.59.jar:/root/.m2/repository/org/seleniumhq/selenium/selenium-safari-driver/3.141.59/selenium-safari-driver-3.141.59.jar:/root/.m2/repository/org/seleniumhq/selenium/selenium-support/3.141.59/selenium-support-3.141.59.jar:/root/.m2/repository/net/bytebuddy/byte-buddy/1.11.22/byte-buddy-1.11.22.jar:/root/.m2/repository/com/google/guava/guava/25.0-jre/guava-25.0-jre.jar:/root/.m2/repository/com/google/code/findbugs/jsr305/1.3.9/jsr305-1.3.9.jar:/root/.m2/repository/org/checkerframework/checker-compat-qual/2.0.0/checker-compat-qual-2.0.0.jar:/root/.m2/repository/com/google/errorprone/error_prone_annotations/2.1.3/error_prone_annotations-2.1.3.jar:/root/.m2/repository/com/google/j2objc/j2objc-annotations/1.1/j2objc-annotations-1.1.jar:/root/.m2/repository/org/codehaus/mojo/animal-sniffer-annotations/1.14/animal-sniffer-annotations-1.14.jar:/root/.m2/repository/com/squareup/okhttp3/okhttp/3.14.9/okhttp-3.14.9.jar:/root/.m2/repository/com/squareup/okio/okio/1.14.0/okio-1.14.0.jar:/root/.m2/repository/io/github/bonigarcia/webdrivermanager/4.3.1/webdrivermanager-4.3.1.jar:/root/.m2/repository/org/slf4j/slf4j-api/1.7.32/slf4j-api-1.7.32.jar:/root/.m2/repository/commons-io/commons-io/2.8.0/commons-io-2.8.0.jar:/root/.m2/repository/com/google/code/gson/gson/2.8.9/gson-2.8.9.jar:/root/.m2/repository/org/apache/commons/commons-lang3/3.12.0/commons-lang3-3.12.0.jar:/root/.m2/repository/org/apache/httpcomponents/client5/httpclient5/5.1.2/httpclient5-5.1.2.jar:/root/.m2/repository/org/apache/httpcomponents/core5/httpcore5/5.1.2/httpcore5-5.1.2.jar:/root/.m2/repository/org/apache/httpcomponents/core5/httpcore5-h2/5.1.2/httpcore5-h2-5.1.2.jar:/root/.m2/repository/commons-codec/commons-codec/1.15/commons-codec-1.15.jar:/root/.m2/repository/org/rauschig/jarchivelib/1.1.0/jarchivelib-1.1.0.jar:/root/.m2/repository/org/apache/commons/commons-compress/1.20/commons-compress-1.20.jar:/root/.m2/repository/org/jsoup/jsoup/1.13.1/jsoup-1.13.1.jar:/root/demo/sonarqube/WebGoat/webgoat-server/target/webgoat-server-8.2.3-SNAPSHOT.jar:/root/demo/sonarqube/WebGoat/webgoat-container/target/webgoat-container-8.2.3-SNAPSHOT.jar:/root/.m2/repository/org/flywaydb/flyway-core/8.0.4/flyway-core-8.0.4.jar:/root/.m2/repository/org/asciidoctor/asciidoctorj/2.5.2/asciidoctorj-2.5.2.jar:/root/.m2/repository/org/asciidoctor/asciidoctorj-api/2.5.2/asciidoctorj-api-2.5.2.jar:/root/.m2/repository/org/jruby/jruby/9.2.17.0/jruby-9.2.17.0.jar:/root/.m2/repository/org/jruby/jruby-core/9.2.17.0/jruby-core-9.2.17.0.jar:/root/.m2/repository/com/github/jnr/jnr-netdb/1.2.0/jnr-netdb-1.2.0.jar:/root/.m2/repository/com/github/jnr/jnr-enxio/0.32.3/jnr-enxio-0.32.3.jar:/root/.m2/repository/com/github/jnr/jnr-unixsocket/0.38.5/jnr-unixsocket-0.38.5.jar:/root/.m2/repository/com/github/jnr/jnr-posix/3.1.4/jnr-posix-3.1.4.jar:/root/.m2/repository/com/github/jnr/jnr-constants/0.10.1/jnr-constants-0.10.1.jar:/root/.m2/repository/com/github/jnr/jffi/1.3.1/jffi-1.3.1.jar:/root/.m2/repository/com/github/jnr/jffi/1.3.1/jffi-1.3.1-native.jar:/root/.m2/repository/org/jruby/joni/joni/2.1.31/joni-2.1.31.jar:/root/.m2/repository/org/jruby/jcodings/jcodings/1.0.46/jcodings-1.0.46.jar:/root/.m2/repository/org/jruby/dirgra/0.3/dirgra-0.3.jar:/root/.m2/repository/com/headius/invokebinder/1.11/invokebinder-1.11.jar:/root/.m2/repository/com/headius/options/1.4/options-1.4.jar:/root/.m2/repository/com/jcraft/jzlib/1.1.3/jzlib-1.1.3.jar:/root/.m2/repository/com/martiansoftware/nailgun-server/0.9.1/nailgun-server-0.9.1.jar:/root/.m2/repository/joda-time/joda-time/2.10.5/joda-time-2.10.5.jar:/root/.m2/repository/com/headius/backport9/1.8/backport9-1.8.jar:/root/.m2/repository/org/jruby/jruby-stdlib/9.2.17.0/jruby-stdlib-9.2.17.0.jar:/root/.m2/repository/com/beust/jcommander/1.72/jcommander-1.72.jar:/root/demo/sonarqube/WebGoat/webgoat-lessons/challenge/target/challenge-8.2.3-SNAPSHOT.jar:/root/.m2/repository/io/jsonwebtoken/jjwt/0.9.1/jjwt-0.9.1.jar:/root/demo/sonarqube/WebGoat/webgoat-lessons/bypass-restrictions/target/bypass-restrictions-8.2.3-SNAPSHOT.jar:/root/demo/sonarqube/WebGoat/webgoat-lessons/client-side-filtering/target/client-side-filtering-8.2.3-SNAPSHOT.jar:/root/demo/sonarqube/WebGoat/webgoat-lessons/crypto/target/crypto-8.2.3-SNAPSHOT.jar:/root/demo/sonarqube/WebGoat/webgoat-lessons/cross-site-scripting/target/cross-site-scripting-8.2.3-SNAPSHOT.jar:/root/demo/sonarqube/WebGoat/webgoat-lessons/html-tampering/target/html-tampering-8.2.3-SNAPSHOT.jar:/root/demo/sonarqube/WebGoat/webgoat-lessons/http-basics/target/http-basics-8.2.3-SNAPSHOT.jar:/root/demo/sonarqube/WebGoat/webgoat-lessons/http-proxies/target/http-proxies-8.2.3-SNAPSHOT.jar:/root/demo/sonarqube/WebGoat/webgoat-lessons/cia/target/cia-8.2.3-SNAPSHOT.jar:/root/demo/sonarqube/WebGoat/webgoat-lessons/chrome-dev-tools/target/chrome-dev-tools-8.2.3-SNAPSHOT.jar:/root/demo/sonarqube/WebGoat/webgoat-lessons/idor/target/idor-8.2.3-SNAPSHOT.jar:/root/demo/sonarqube/WebGoat/webgoat-lessons/csrf/target/csrf-8.2.3-SNAPSHOT.jar:/root/demo/sonarqube/WebGoat/webgoat-lessons/insecure-login/target/insecure-login-8.2.3-SNAPSHOT.jar:/root/demo/sonarqube/WebGoat/webgoat-lessons/insecure-deserialization/target/insecure-deserialization-8.2.3-SNAPSHOT.jar:/root/demo/sonarqube/WebGoat/webgoat-lessons/jwt/target/jwt-8.2.3-SNAPSHOT.jar:/root/demo/sonarqube/WebGoat/webgoat-lessons/path-traversal/target/path-traversal-8.2.3-SNAPSHOT.jar:/root/demo/sonarqube/WebGoat/webgoat-lessons/sql-injection/target/sql-injection-8.2.3-SNAPSHOT.jar:/root/demo/sonarqube/WebGoat/webgoat-lessons/vulnerable-components/target/vulnerable-components-8.2.3-SNAPSHOT.jar:/root/.m2/repository/com/thoughtworks/xstream/xstream/1.4.5/xstream-1.4.5.jar:/root/.m2/repository/xmlpull/xmlpull/1.1.3.1/xmlpull-1.1.3.1.jar:/root/.m2/repository/xpp3/xpp3_min/1.1.4c/xpp3_min-1.1.4c.jar:/root/.m2/repository/cglib/cglib-nodep/2.2/cglib-nodep-2.2.jar:/root/.m2/repository/ant/ant-launcher/1.6.5/ant-launcher-1.6.5.jar:/root/.m2/repository/ant/ant/1.6.5/ant-1.6.5.jar:/root/.m2/repository/xml-resolver/xml-resolver/1.2/xml-resolver-1.2.jar:/root/demo/sonarqube/WebGoat/webgoat-lessons/xxe/target/xxe-8.2.3-SNAPSHOT.jar:/root/.m2/repository/org/glassfish/jaxb/jaxb-runtime/2.3.5/jaxb-runtime-2.3.5.jar:/root/.m2/repository/org/glassfish/jaxb/txw2/2.3.5/txw2-2.3.5.jar:/root/.m2/repository/com/sun/istack/istack-commons-runtime/3.0.12/istack-commons-runtime-3.0.12.jar:/root/.m2/repository/com/sun/activation/jakarta.activation/1.2.2/jakarta.activation-1.2.2.jar:/root/demo/sonarqube/WebGoat/webgoat-lessons/auth-bypass/target/auth-bypass-8.2.3-SNAPSHOT.jar:/root/demo/sonarqube/WebGoat/webgoat-lessons/webgoat-introduction/target/webgoat-introduction-8.2.3-SNAPSHOT.jar:/root/demo/sonarqube/WebGoat/webgoat-lessons/webwolf-introduction/target/webwolf-introduction-8.2.3-SNAPSHOT.jar:/root/demo/sonarqube/WebGoat/webgoat-lessons/missing-function-ac/target/missing-function-ac-8.2.3-SNAPSHOT.jar:/root/demo/sonarqube/WebGoat/webgoat-lessons/password-reset/target/password-reset-8.2.3-SNAPSHOT.jar:/root/demo/sonarqube/WebGoat/webgoat-lessons/ssrf/target/ssrf-8.2.3-SNAPSHOT.jar:/root/demo/sonarqube/WebGoat/webgoat-lessons/secure-passwords/target/secure-passwords-8.2.3-SNAPSHOT.jar:/root/.m2/repository/com/nulab-inc/zxcvbn/1.4.0/zxcvbn-1.4.0.jar:/root/demo/sonarqube/WebGoat/webgoat-lessons/spoof-cookie/target/spoof-cookie-8.2.3-SNAPSHOT.jar:/root/demo/sonarqube/WebGoat/webgoat-lessons/hijack-session/target/hijack-session-8.2.3-SNAPSHOT.jar:/root/demo/sonarqube/WebGoat/webgoat-lessons/webgoat-lesson-template/target/webgoat-lesson-template-8.2.3-SNAPSHOT.jar:/root/demo/sonarqube/WebGoat/webgoat-lessons/logging/target/logging-8.2.3-SNAPSHOT.jar:/root/.m2/repository/org/postgresql/postgresql/42.3.1/postgresql-42.3.1.jar:/root/.m2/repository/org/checkerframework/checker-qual/3.5.0/checker-qual-3.5.0.jar:/root/demo/sonarqube/WebGoat/webgoat-server/target/webgoat-server-8.2.3-SNAPSHOT-internal.jar:/root/demo/sonarqube/WebGoat/webwolf/target/webwolf-8.2.3-SNAPSHOT-internal.jar:/root/.m2/repository/com/fasterxml/jackson/datatype/jackson-datatype-jsr310/2.13.0/jackson-datatype-jsr310-2.13.0.jar:/root/.m2/repository/com/fasterxml/jackson/core/jackson-annotations/2.13.0/jackson-annotations-2.13.0.jar:/root/.m2/repository/com/fasterxml/jackson/core/jackson-core/2.13.0/jackson-core-2.13.0.jar:/root/.m2/repository/com/fasterxml/jackson/core/jackson-databind/2.13.0/jackson-databind-2.13.0.jar:/root/.m2/repository/org/bitbucket/b_c/jose4j/0.7.6/jose4j-0.7.6.jar:/root/.m2/repository/org/springframework/boot/spring-boot-starter-security/2.6.1/spring-boot-starter-security-2.6.1.jar:/root/.m2/repository/org/springframework/spring-aop/5.3.13/spring-aop-5.3.13.jar:/root/.m2/repository/org/springframework/spring-beans/5.3.13/spring-beans-5.3.13.jar:/root/.m2/repository/org/springframework/security/spring-security-config/5.6.0/spring-security-config-5.6.0.jar:/root/.m2/repository/org/springframework/security/spring-security-core/5.6.0/spring-security-core-5.6.0.jar:/root/.m2/repository/org/springframework/security/spring-security-crypto/5.6.0/spring-security-crypto-5.6.0.jar:/root/.m2/repository/org/springframework/spring-context/5.3.13/spring-context-5.3.13.jar:/root/.m2/repository/org/springframework/security/spring-security-web/5.6.0/spring-security-web-5.6.0.jar:/root/.m2/repository/org/springframework/spring-expression/5.3.13/spring-expression-5.3.13.jar:/root/.m2/repository/org/springframework/boot/spring-boot-starter-undertow/2.6.1/spring-boot-starter-undertow-2.6.1.jar:/root/.m2/repository/io/undertow/undertow-core/2.2.12.Final/undertow-core-2.2.12.Final.jar:/root/.m2/repository/org/jboss/xnio/xnio-api/3.8.4.Final/xnio-api-3.8.4.Final.jar:/root/.m2/repository/org/wildfly/common/wildfly-common/1.5.2.Final/wildfly-common-1.5.2.Final.jar:/root/.m2/repository/org/wildfly/client/wildfly-client-config/1.0.1.Final/wildfly-client-config-1.0.1.Final.jar:/root/.m2/repository/org/jboss/xnio/xnio-nio/3.8.4.Final/xnio-nio-3.8.4.Final.jar:/root/.m2/repository/org/jboss/threads/jboss-threads/3.1.0.Final/jboss-threads-3.1.0.Final.jar:/root/.m2/repository/io/undertow/undertow-servlet/2.2.12.Final/undertow-servlet-2.2.12.Final.jar:/root/.m2/repository/io/undertow/undertow-websockets-jsr/2.2.12.Final/undertow-websockets-jsr-2.2.12.Final.jar:/root/.m2/repository/jakarta/servlet/jakarta.servlet-api/4.0.4/jakarta.servlet-api-4.0.4.jar:/root/.m2/repository/jakarta/websocket/jakarta.websocket-api/1.1.2/jakarta.websocket-api-1.1.2.jar:/root/.m2/repository/org/springframework/boot/spring-boot-starter-web/2.6.1/spring-boot-starter-web-2.6.1.jar:/root/.m2/repository/org/springframework/boot/spring-boot-starter-json/2.6.1/spring-boot-starter-json-2.6.1.jar:/root/.m2/repository/com/fasterxml/jackson/datatype/jackson-datatype-jdk8/2.13.0/jackson-datatype-jdk8-2.13.0.jar:/root/.m2/repository/com/fasterxml/jackson/module/jackson-module-parameter-names/2.13.0/jackson-module-parameter-names-2.13.0.jar:/root/.m2/repository/org/springframework/spring-web/5.3.13/spring-web-5.3.13.jar:/root/.m2/repository/org/springframework/spring-webmvc/5.3.13/spring-webmvc-5.3.13.jar:/root/.m2/repository/org/springframework/boot/spring-boot-starter-thymeleaf/2.6.1/spring-boot-starter-thymeleaf-2.6.1.jar:/root/.m2/repository/org/thymeleaf/thymeleaf-spring5/3.0.14.RELEASE/thymeleaf-spring5-3.0.14.RELEASE.jar:/root/.m2/repository/org/thymeleaf/thymeleaf/3.0.14.RELEASE/thymeleaf-3.0.14.RELEASE.jar:/root/.m2/repository/org/attoparser/attoparser/2.0.5.RELEASE/attoparser-2.0.5.RELEASE.jar:/root/.m2/repository/org/unbescape/unbescape/1.1.6.RELEASE/unbescape-1.1.6.RELEASE.jar:/root/.m2/repository/org/thymeleaf/extras/thymeleaf-extras-java8time/3.0.4.RELEASE/thymeleaf-extras-java8time-3.0.4.RELEASE.jar:/root/.m2/repository/org/springframework/boot/spring-boot-starter-actuator/2.6.1/spring-boot-starter-actuator-2.6.1.jar:/root/.m2/repository/org/springframework/boot/spring-boot-actuator-autoconfigure/2.6.1/spring-boot-actuator-autoconfigure-2.6.1.jar:/root/.m2/repository/org/springframework/boot/spring-boot-actuator/2.6.1/spring-boot-actuator-2.6.1.jar:/root/.m2/repository/io/micrometer/micrometer-core/1.8.0/micrometer-core-1.8.0.jar:/root/.m2/repository/org/hdrhistogram/HdrHistogram/2.1.12/HdrHistogram-2.1.12.jar:/root/.m2/repository/org/latencyutils/LatencyUtils/2.0.3/LatencyUtils-2.0.3.jar:/root/.m2/repository/org/springframework/retry/spring-retry/1.3.1/spring-retry-1.3.1.jar:/root/.m2/repository/javax/annotation/javax.annotation-api/1.3.2/javax.annotation-api-1.3.2.jar:/root/.m2/repository/org/thymeleaf/extras/thymeleaf-extras-springsecurity5/3.0.4.RELEASE/thymeleaf-extras-springsecurity5-3.0.4.RELEASE.jar:/root/.m2/repository/org/springframework/boot/spring-boot-starter-data-jpa/2.6.1/spring-boot-starter-data-jpa-2.6.1.jar:/root/.m2/repository/org/springframework/boot/spring-boot-starter-aop/2.6.1/spring-boot-starter-aop-2.6.1.jar:/root/.m2/repository/org/aspectj/aspectjweaver/1.9.7/aspectjweaver-1.9.7.jar:/root/.m2/repository/org/springframework/boot/spring-boot-starter-jdbc/2.6.1/spring-boot-starter-jdbc-2.6.1.jar:/root/.m2/repository/com/zaxxer/HikariCP/4.0.3/HikariCP-4.0.3.jar:/root/.m2/repository/org/springframework/spring-jdbc/5.3.13/spring-jdbc-5.3.13.jar:/root/.m2/repository/jakarta/transaction/jakarta.transaction-api/1.3.3/jakarta.transaction-api-1.3.3.jar:/root/.m2/repository/jakarta/persistence/jakarta.persistence-api/2.2.3/jakarta.persistence-api-2.2.3.jar:/root/.m2/repository/org/hibernate/hibernate-core/5.6.1.Final/hibernate-core-5.6.1.Final.jar:/root/.m2/repository/antlr/antlr/2.7.7/antlr-2.7.7.jar:/root/.m2/repository/org/jboss/jandex/2.2.3.Final/jandex-2.2.3.Final.jar:/root/.m2/repository/org/hibernate/common/hibernate-commons-annotations/5.1.2.Final/hibernate-commons-annotations-5.1.2.Final.jar:/root/.m2/repository/org/springframework/data/spring-data-jpa/2.6.0/spring-data-jpa-2.6.0.jar:/root/.m2/repository/org/springframework/data/spring-data-commons/2.6.0/spring-data-commons-2.6.0.jar:/root/.m2/repository/org/springframework/spring-orm/5.3.13/spring-orm-5.3.13.jar:/root/.m2/repository/org/springframework/spring-tx/5.3.13/spring-tx-5.3.13.jar:/root/.m2/repository/org/springframework/spring-aspects/5.3.13/spring-aspects-5.3.13.jar:/root/.m2/repository/org/webjars/bootstrap/3.3.7/bootstrap-3.3.7.jar:/root/.m2/repository/org/webjars/jquery/3.5.1/jquery-3.5.1.jar:/root/.m2/repository/org/hsqldb/hsqldb/2.5.2/hsqldb-2.5.2.jar:/root/demo/sonarqube/WebGoat/webwolf/target/webwolf-8.2.3-SNAPSHOT.jar:/root/.m2/repository/org/springframework/boot/spring-boot-starter-test/2.6.1/spring-boot-starter-test-2.6.1.jar:/root/.m2/repository/org/springframework/boot/spring-boot-starter/2.6.1/spring-boot-starter-2.6.1.jar:/root/.m2/repository/org/springframework/boot/spring-boot/2.6.1/spring-boot-2.6.1.jar:/root/.m2/repository/org/springframework/boot/spring-boot-autoconfigure/2.6.1/spring-boot-autoconfigure-2.6.1.jar:/root/.m2/repository/org/springframework/boot/spring-boot-starter-logging/2.6.1/spring-boot-starter-logging-2.6.1.jar:/root/.m2/repository/ch/qos/logback/logback-classic/1.2.7/logback-classic-1.2.7.jar:/root/.m2/repository/ch/qos/logback/logback-core/1.2.7/logback-core-1.2.7.jar:/root/.m2/repository/org/apache/logging/log4j/log4j-to-slf4j/2.14.1/log4j-to-slf4j-2.14.1.jar:/root/.m2/repository/org/apache/logging/log4j/log4j-api/2.14.1/log4j-api-2.14.1.jar:/root/.m2/repository/org/slf4j/jul-to-slf4j/1.7.32/jul-to-slf4j-1.7.32.jar:/root/.m2/repository/jakarta/annotation/jakarta.annotation-api/1.3.5/jakarta.annotation-api-1.3.5.jar:/root/.m2/repository/org/yaml/snakeyaml/1.29/snakeyaml-1.29.jar:/root/.m2/repository/org/springframework/boot/spring-boot-test/2.6.1/spring-boot-test-2.6.1.jar:/root/.m2/repository/org/springframework/boot/spring-boot-test-autoconfigure/2.6.1/spring-boot-test-autoconfigure-2.6.1.jar:/root/.m2/repository/com/jayway/jsonpath/json-path/2.6.0/json-path-2.6.0.jar:/root/.m2/repository/net/minidev/json-smart/2.4.7/json-smart-2.4.7.jar:/root/.m2/repository/net/minidev/accessors-smart/2.4.7/accessors-smart-2.4.7.jar:/root/.m2/repository/org/ow2/asm/asm/9.1/asm-9.1.jar:/root/.m2/repository/jakarta/xml/bind/jakarta.xml.bind-api/2.3.3/jakarta.xml.bind-api-2.3.3.jar:/root/.m2/repository/jakarta/activation/jakarta.activation-api/1.2.2/jakarta.activation-api-1.2.2.jar:/root/.m2/repository/org/assertj/assertj-core/3.21.0/assertj-core-3.21.0.jar:/root/.m2/repository/org/hamcrest/hamcrest/2.2/hamcrest-2.2.jar:/root/.m2/repository/org/junit/jupiter/junit-jupiter/5.8.1/junit-jupiter-5.8.1.jar:/root/.m2/repository/org/junit/jupiter/junit-jupiter-api/5.8.1/junit-jupiter-api-5.8.1.jar:/root/.m2/repository/org/opentest4j/opentest4j/1.2.0/opentest4j-1.2.0.jar:/root/.m2/repository/org/junit/platform/junit-platform-commons/1.8.1/junit-platform-commons-1.8.1.jar:/root/.m2/repository/org/apiguardian/apiguardian-api/1.1.2/apiguardian-api-1.1.2.jar:/root/.m2/repository/org/junit/jupiter/junit-jupiter-params/5.8.1/junit-jupiter-params-5.8.1.jar:/root/.m2/repository/org/junit/jupiter/junit-jupiter-engine/5.8.1/junit-jupiter-engine-5.8.1.jar:/root/.m2/repository/org/junit/platform/junit-platform-engine/1.8.1/junit-platform-engine-1.8.1.jar:/root/.m2/repository/org/mockito/mockito-core/4.0.0/mockito-core-4.0.0.jar:/root/.m2/repository/net/bytebuddy/byte-buddy-agent/1.11.22/byte-buddy-agent-1.11.22.jar:/root/.m2/repository/org/objenesis/objenesis/3.2/objenesis-3.2.jar:/root/.m2/repository/org/mockito/mockito-junit-jupiter/4.0.0/mockito-junit-jupiter-4.0.0.jar:/root/.m2/repository/org/skyscreamer/jsonassert/1.5.0/jsonassert-1.5.0.jar:/root/.m2/repository/com/vaadin/external/google/android-json/0.0.20131108.vaadin1/android-json-0.0.20131108.vaadin1.jar:/root/.m2/repository/org/springframework/spring-core/5.3.13/spring-core-5.3.13.jar:/root/.m2/repository/org/springframework/spring-jcl/5.3.13/spring-jcl-5.3.13.jar:/root/.m2/repository/org/springframework/spring-test/5.3.13/spring-test-5.3.13.jar:/root/.m2/repository/org/xmlunit/xmlunit-core/2.8.3/xmlunit-core-2.8.3.jar:/root/.m2/repository/io/rest-assured/rest-assured/4.4.0/rest-assured-4.4.0.jar:/root/.m2/repository/org/codehaus/groovy/groovy/3.0.9/groovy-3.0.9.jar:/root/.m2/repository/org/codehaus/groovy/groovy-xml/3.0.9/groovy-xml-3.0.9.jar:/root/.m2/repository/org/apache/httpcomponents/httpclient/4.5.13/httpclient-4.5.13.jar:/root/.m2/repository/org/apache/httpcomponents/httpcore/4.4.14/httpcore-4.4.14.jar:/root/.m2/repository/org/apache/httpcomponents/httpmime/4.5.13/httpmime-4.5.13.jar:/root/.m2/repository/org/ccil/cowan/tagsoup/tagsoup/1.2.1/tagsoup-1.2.1.jar:/root/.m2/repository/io/rest-assured/json-path/4.4.0/json-path-4.4.0.jar:/root/.m2/repository/org/codehaus/groovy/groovy-json/3.0.9/groovy-json-3.0.9.jar:/root/.m2/repository/io/rest-assured/rest-assured-common/4.4.0/rest-assured-common-4.4.0.jar:/root/.m2/repository/io/rest-assured/xml-path/4.4.0/xml-path-4.4.0.jar:/root/.m2/repository/com/sun/xml/bind/jaxb-impl/2.3.3/jaxb-impl-2.3.3.jar:/root/.m2/repository/org/springframework/boot/spring-boot-starter-validation/2.6.1/spring-boot-starter-validation-2.6.1.jar:/root/.m2/repository/org/apache/tomcat/embed/tomcat-embed-el/9.0.55/tomcat-embed-el-9.0.55.jar:/root/.m2/repository/org/hibernate/validator/hibernate-validator/6.2.0.Final/hibernate-validator-6.2.0.Final.jar:/root/.m2/repository/jakarta/validation/jakarta.validation-api/2.0.2/jakarta.validation-api-2.0.2.jar:/root/.m2/repository/org/jboss/logging/jboss-logging/3.4.2.Final/jboss-logging-3.4.2.Final.jar:/root/.m2/repository/com/fasterxml/classmate/1.5.1/classmate-1.5.1.jar:/root/.m2/repository/org/projectlombok/lombok/1.18.22/lombok-1.18.22.jar:/root/.m2/repository/org/apache/commons/commons-exec/1.3/commons-exec-1.3.jar:/root/.m2/repository/javax/xml/bind/jaxb-api/2.3.1/jaxb-api-2.3.1.jar:/root/.m2/repository/javax/activation/javax.activation-api/1.2.0/javax.activation-api-1.2.0.jar:"/>
    <property name="java.vm.vendor" value="Debian"/>
    <property name="sun.arch.data.model" value="64"/>
    <property name="swing.aatext" value="true"/>
    <property name="java.vendor.url" value="https://tracker.debian.org/openjdk-17"/>
    <property name="user.timezone" value="US/Eastern"/>
    <property name="os.name" value="Linux"/>
    <property name="java.vm.specification.version" value="17"/>
    <property name="sun.java.launcher" value="SUN_STANDARD"/>
    <property name="user.country" value="US"/>
    <property name="sun.boot.library.path" value="/usr/lib/jvm/java-17-openjdk-amd64/lib"/>
    <property name="sun.java.command" value="/root/demo/sonarqube/WebGoat/webgoat-integration-tests/target/surefire/surefirebooter6974023812964202467.jar /root/demo/sonarqube/WebGoat/webgoat-integration-tests/target/surefire 2022-02-18T08-26-34_228-jvmRun1 surefire9193939693272315714tmp surefire_205014752359382108869tmp"/>
    <property name="jdk.debug" value="release"/>
    <property name="surefire.test.class.path" value="/root/demo/sonarqube/WebGoat/webgoat-integration-tests/target/test-classes:/root/demo/sonarqube/WebGoat/webgoat-integration-tests/target/classes:/root/.m2/repository/org/seleniumhq/selenium/selenium-java/3.141.59/selenium-java-3.141.59.jar:/root/.m2/repository/org/seleniumhq/selenium/selenium-api/3.141.59/selenium-api-3.141.59.jar:/root/.m2/repository/org/seleniumhq/selenium/selenium-chrome-driver/3.141.59/selenium-chrome-driver-3.141.59.jar:/root/.m2/repository/org/seleniumhq/selenium/selenium-edge-driver/3.141.59/selenium-edge-driver-3.141.59.jar:/root/.m2/repository/org/seleniumhq/selenium/selenium-firefox-driver/3.141.59/selenium-firefox-driver-3.141.59.jar:/root/.m2/repository/org/seleniumhq/selenium/selenium-ie-driver/3.141.59/selenium-ie-driver-3.141.59.jar:/root/.m2/repository/org/seleniumhq/selenium/selenium-opera-driver/3.141.59/selenium-opera-driver-3.141.59.jar:/root/.m2/repository/org/seleniumhq/selenium/selenium-remote-driver/3.141.59/selenium-remote-driver-3.141.59.jar:/root/.m2/repository/org/seleniumhq/selenium/selenium-safari-driver/3.141.59/selenium-safari-driver-3.141.59.jar:/root/.m2/repository/org/seleniumhq/selenium/selenium-support/3.141.59/selenium-support-3.141.59.jar:/root/.m2/repository/net/bytebuddy/byte-buddy/1.11.22/byte-buddy-1.11.22.jar:/root/.m2/repository/com/google/guava/guava/25.0-jre/guava-25.0-jre.jar:/root/.m2/repository/com/google/code/findbugs/jsr305/1.3.9/jsr305-1.3.9.jar:/root/.m2/repository/org/checkerframework/checker-compat-qual/2.0.0/checker-compat-qual-2.0.0.jar:/root/.m2/repository/com/google/errorprone/error_prone_annotations/2.1.3/error_prone_annotations-2.1.3.jar:/root/.m2/repository/com/google/j2objc/j2objc-annotations/1.1/j2objc-annotations-1.1.jar:/root/.m2/repository/org/codehaus/mojo/animal-sniffer-annotations/1.14/animal-sniffer-annotations-1.14.jar:/root/.m2/repository/com/squareup/okhttp3/okhttp/3.14.9/okhttp-3.14.9.jar:/root/.m2/repository/com/squareup/okio/okio/1.14.0/okio-1.14.0.jar:/root/.m2/repository/io/github/bonigarcia/webdrivermanager/4.3.1/webdrivermanager-4.3.1.jar:/root/.m2/repository/org/slf4j/slf4j-api/1.7.32/slf4j-api-1.7.32.jar:/root/.m2/repository/commons-io/commons-io/2.8.0/commons-io-2.8.0.jar:/root/.m2/repository/com/google/code/gson/gson/2.8.9/gson-2.8.9.jar:/root/.m2/repository/org/apache/commons/commons-lang3/3.12.0/commons-lang3-3.12.0.jar:/root/.m2/repository/org/apache/httpcomponents/client5/httpclient5/5.1.2/httpclient5-5.1.2.jar:/root/.m2/repository/org/apache/httpcomponents/core5/httpcore5/5.1.2/httpcore5-5.1.2.jar:/root/.m2/repository/org/apache/httpcomponents/core5/httpcore5-h2/5.1.2/httpcore5-h2-5.1.2.jar:/root/.m2/repository/commons-codec/commons-codec/1.15/commons-codec-1.15.jar:/root/.m2/repository/org/rauschig/jarchivelib/1.1.0/jarchivelib-1.1.0.jar:/root/.m2/repository/org/apache/commons/commons-compress/1.20/commons-compress-1.20.jar:/root/.m2/repository/org/jsoup/jsoup/1.13.1/jsoup-1.13.1.jar:/root/demo/sonarqube/WebGoat/webgoat-server/target/webgoat-server-8.2.3-SNAPSHOT.jar:/root/demo/sonarqube/WebGoat/webgoat-container/target/webgoat-container-8.2.3-SNAPSHOT.jar:/root/.m2/repository/org/flywaydb/flyway-core/8.0.4/flyway-core-8.0.4.jar:/root/.m2/repository/org/asciidoctor/asciidoctorj/2.5.2/asciidoctorj-2.5.2.jar:/root/.m2/repository/org/asciidoctor/asciidoctorj-api/2.5.2/asciidoctorj-api-2.5.2.jar:/root/.m2/repository/org/jruby/jruby/9.2.17.0/jruby-9.2.17.0.jar:/root/.m2/repository/org/jruby/jruby-core/9.2.17.0/jruby-core-9.2.17.0.jar:/root/.m2/repository/com/github/jnr/jnr-netdb/1.2.0/jnr-netdb-1.2.0.jar:/root/.m2/repository/com/github/jnr/jnr-enxio/0.32.3/jnr-enxio-0.32.3.jar:/root/.m2/repository/com/github/jnr/jnr-unixsocket/0.38.5/jnr-unixsocket-0.38.5.jar:/root/.m2/repository/com/github/jnr/jnr-posix/3.1.4/jnr-posix-3.1.4.jar:/root/.m2/repository/com/github/jnr/jnr-constants/0.10.1/jnr-constants-0.10.1.jar:/root/.m2/repository/com/github/jnr/jffi/1.3.1/jffi-1.3.1.jar:/root/.m2/repository/com/github/jnr/jffi/1.3.1/jffi-1.3.1-native.jar:/root/.m2/repository/org/jruby/joni/joni/2.1.31/joni-2.1.31.jar:/root/.m2/repository/org/jruby/jcodings/jcodings/1.0.46/jcodings-1.0.46.jar:/root/.m2/repository/org/jruby/dirgra/0.3/dirgra-0.3.jar:/root/.m2/repository/com/headius/invokebinder/1.11/invokebinder-1.11.jar:/root/.m2/repository/com/headius/options/1.4/options-1.4.jar:/root/.m2/repository/com/jcraft/jzlib/1.1.3/jzlib-1.1.3.jar:/root/.m2/repository/com/martiansoftware/nailgun-server/0.9.1/nailgun-server-0.9.1.jar:/root/.m2/repository/joda-time/joda-time/2.10.5/joda-time-2.10.5.jar:/root/.m2/repository/com/headius/backport9/1.8/backport9-1.8.jar:/root/.m2/repository/org/jruby/jruby-stdlib/9.2.17.0/jruby-stdlib-9.2.17.0.jar:/root/.m2/repository/com/beust/jcommander/1.72/jcommander-1.72.jar:/root/demo/sonarqube/WebGoat/webgoat-lessons/challenge/target/challenge-8.2.3-SNAPSHOT.jar:/root/.m2/repository/io/jsonwebtoken/jjwt/0.9.1/jjwt-0.9.1.jar:/root/demo/sonarqube/WebGoat/webgoat-lessons/bypass-restrictions/target/bypass-restrictions-8.2.3-SNAPSHOT.jar:/root/demo/sonarqube/WebGoat/webgoat-lessons/client-side-filtering/target/client-side-filtering-8.2.3-SNAPSHOT.jar:/root/demo/sonarqube/WebGoat/webgoat-lessons/crypto/target/crypto-8.2.3-SNAPSHOT.jar:/root/demo/sonarqube/WebGoat/webgoat-lessons/cross-site-scripting/target/cross-site-scripting-8.2.3-SNAPSHOT.jar:/root/demo/sonarqube/WebGoat/webgoat-lessons/html-tampering/target/html-tampering-8.2.3-SNAPSHOT.jar:/root/demo/sonarqube/WebGoat/webgoat-lessons/http-basics/target/http-basics-8.2.3-SNAPSHOT.jar:/root/demo/sonarqube/WebGoat/webgoat-lessons/http-proxies/target/http-proxies-8.2.3-SNAPSHOT.jar:/root/demo/sonarqube/WebGoat/webgoat-lessons/cia/target/cia-8.2.3-SNAPSHOT.jar:/root/demo/sonarqube/WebGoat/webgoat-lessons/chrome-dev-tools/target/chrome-dev-tools-8.2.3-SNAPSHOT.jar:/root/demo/sonarqube/WebGoat/webgoat-lessons/idor/target/idor-8.2.3-SNAPSHOT.jar:/root/demo/sonarqube/WebGoat/webgoat-lessons/csrf/target/csrf-8.2.3-SNAPSHOT.jar:/root/demo/sonarqube/WebGoat/webgoat-lessons/insecure-login/target/insecure-login-8.2.3-SNAPSHOT.jar:/root/demo/sonarqube/WebGoat/webgoat-lessons/insecure-deserialization/target/insecure-deserialization-8.2.3-SNAPSHOT.jar:/root/demo/sonarqube/WebGoat/webgoat-lessons/jwt/target/jwt-8.2.3-SNAPSHOT.jar:/root/demo/sonarqube/WebGoat/webgoat-lessons/path-traversal/target/path-traversal-8.2.3-SNAPSHOT.jar:/root/demo/sonarqube/WebGoat/webgoat-lessons/sql-injection/target/sql-injection-8.2.3-SNAPSHOT.jar:/root/demo/sonarqube/WebGoat/webgoat-lessons/vulnerable-components/target/vulnerable-components-8.2.3-SNAPSHOT.jar:/root/.m2/repository/com/thoughtworks/xstream/xstream/1.4.5/xstream-1.4.5.jar:/root/.m2/repository/xmlpull/xmlpull/1.1.3.1/xmlpull-1.1.3.1.jar:/root/.m2/repository/xpp3/xpp3_min/1.1.4c/xpp3_min-1.1.4c.jar:/root/.m2/repository/cglib/cglib-nodep/2.2/cglib-nodep-2.2.jar:/root/.m2/repository/ant/ant-launcher/1.6.5/ant-launcher-1.6.5.jar:/root/.m2/repository/ant/ant/1.6.5/ant-1.6.5.jar:/root/.m2/repository/xml-resolver/xml-resolver/1.2/xml-resolver-1.2.jar:/root/demo/sonarqube/WebGoat/webgoat-lessons/xxe/target/xxe-8.2.3-SNAPSHOT.jar:/root/.m2/repository/org/glassfish/jaxb/jaxb-runtime/2.3.5/jaxb-runtime-2.3.5.jar:/root/.m2/repository/org/glassfish/jaxb/txw2/2.3.5/txw2-2.3.5.jar:/root/.m2/repository/com/sun/istack/istack-commons-runtime/3.0.12/istack-commons-runtime-3.0.12.jar:/root/.m2/repository/com/sun/activation/jakarta.activation/1.2.2/jakarta.activation-1.2.2.jar:/root/demo/sonarqube/WebGoat/webgoat-lessons/auth-bypass/target/auth-bypass-8.2.3-SNAPSHOT.jar:/root/demo/sonarqube/WebGoat/webgoat-lessons/webgoat-introduction/target/webgoat-introduction-8.2.3-SNAPSHOT.jar:/root/demo/sonarqube/WebGoat/webgoat-lessons/webwolf-introduction/target/webwolf-introduction-8.2.3-SNAPSHOT.jar:/root/demo/sonarqube/WebGoat/webgoat-lessons/missing-function-ac/target/missing-function-ac-8.2.3-SNAPSHOT.jar:/root/demo/sonarqube/WebGoat/webgoat-lessons/password-reset/target/password-reset-8.2.3-SNAPSHOT.jar:/root/demo/sonarqube/WebGoat/webgoat-lessons/ssrf/target/ssrf-8.2.3-SNAPSHOT.jar:/root/demo/sonarqube/WebGoat/webgoat-lessons/secure-passwords/target/secure-passwords-8.2.3-SNAPSHOT.jar:/root/.m2/repository/com/nulab-inc/zxcvbn/1.4.0/zxcvbn-1.4.0.jar:/root/demo/sonarqube/WebGoat/webgoat-lessons/spoof-cookie/target/spoof-cookie-8.2.3-SNAPSHOT.jar:/root/demo/sonarqube/WebGoat/webgoat-lessons/hijack-session/target/hijack-session-8.2.3-SNAPSHOT.jar:/root/demo/sonarqube/WebGoat/webgoat-lessons/webgoat-lesson-template/target/webgoat-lesson-template-8.2.3-SNAPSHOT.jar:/root/demo/sonarqube/WebGoat/webgoat-lessons/logging/target/logging-8.2.3-SNAPSHOT.jar:/root/.m2/repository/org/postgresql/postgresql/42.3.1/postgresql-42.3.1.jar:/root/.m2/repository/org/checkerframework/checker-qual/3.5.0/checker-qual-3.5.0.jar:/root/demo/sonarqube/WebGoat/webgoat-server/target/webgoat-server-8.2.3-SNAPSHOT-internal.jar:/root/demo/sonarqube/WebGoat/webwolf/target/webwolf-8.2.3-SNAPSHOT-internal.jar:/root/.m2/repository/com/fasterxml/jackson/datatype/jackson-datatype-jsr310/2.13.0/jackson-datatype-jsr310-2.13.0.jar:/root/.m2/repository/com/fasterxml/jackson/core/jackson-annotations/2.13.0/jackson-annotations-2.13.0.jar:/root/.m2/repository/com/fasterxml/jackson/core/jackson-core/2.13.0/jackson-core-2.13.0.jar:/root/.m2/repository/com/fasterxml/jackson/core/jackson-databind/2.13.0/jackson-databind-2.13.0.jar:/root/.m2/repository/org/bitbucket/b_c/jose4j/0.7.6/jose4j-0.7.6.jar:/root/.m2/repository/org/springframework/boot/spring-boot-starter-security/2.6.1/spring-boot-starter-security-2.6.1.jar:/root/.m2/repository/org/springframework/spring-aop/5.3.13/spring-aop-5.3.13.jar:/root/.m2/repository/org/springframework/spring-beans/5.3.13/spring-beans-5.3.13.jar:/root/.m2/repository/org/springframework/security/spring-security-config/5.6.0/spring-security-config-5.6.0.jar:/root/.m2/repository/org/springframework/security/spring-security-core/5.6.0/spring-security-core-5.6.0.jar:/root/.m2/repository/org/springframework/security/spring-security-crypto/5.6.0/spring-security-crypto-5.6.0.jar:/root/.m2/repository/org/springframework/spring-context/5.3.13/spring-context-5.3.13.jar:/root/.m2/repository/org/springframework/security/spring-security-web/5.6.0/spring-security-web-5.6.0.jar:/root/.m2/repository/org/springframework/spring-expression/5.3.13/spring-expression-5.3.13.jar:/root/.m2/repository/org/springframework/boot/spring-boot-starter-undertow/2.6.1/spring-boot-starter-undertow-2.6.1.jar:/root/.m2/repository/io/undertow/undertow-core/2.2.12.Final/undertow-core-2.2.12.Final.jar:/root/.m2/repository/org/jboss/xnio/xnio-api/3.8.4.Final/xnio-api-3.8.4.Final.jar:/root/.m2/repository/org/wildfly/common/wildfly-common/1.5.2.Final/wildfly-common-1.5.2.Final.jar:/root/.m2/repository/org/wildfly/client/wildfly-client-config/1.0.1.Final/wildfly-client-config-1.0.1.Final.jar:/root/.m2/repository/org/jboss/xnio/xnio-nio/3.8.4.Final/xnio-nio-3.8.4.Final.jar:/root/.m2/repository/org/jboss/threads/jboss-threads/3.1.0.Final/jboss-threads-3.1.0.Final.jar:/root/.m2/repository/io/undertow/undertow-servlet/2.2.12.Final/undertow-servlet-2.2.12.Final.jar:/root/.m2/repository/io/undertow/undertow-websockets-jsr/2.2.12.Final/undertow-websockets-jsr-2.2.12.Final.jar:/root/.m2/repository/jakarta/servlet/jakarta.servlet-api/4.0.4/jakarta.servlet-api-4.0.4.jar:/root/.m2/repository/jakarta/websocket/jakarta.websocket-api/1.1.2/jakarta.websocket-api-1.1.2.jar:/root/.m2/repository/org/springframework/boot/spring-boot-starter-web/2.6.1/spring-boot-starter-web-2.6.1.jar:/root/.m2/repository/org/springframework/boot/spring-boot-starter-json/2.6.1/spring-boot-starter-json-2.6.1.jar:/root/.m2/repository/com/fasterxml/jackson/datatype/jackson-datatype-jdk8/2.13.0/jackson-datatype-jdk8-2.13.0.jar:/root/.m2/repository/com/fasterxml/jackson/module/jackson-module-parameter-names/2.13.0/jackson-module-parameter-names-2.13.0.jar:/root/.m2/repository/org/springframework/spring-web/5.3.13/spring-web-5.3.13.jar:/root/.m2/repository/org/springframework/spring-webmvc/5.3.13/spring-webmvc-5.3.13.jar:/root/.m2/repository/org/springframework/boot/spring-boot-starter-thymeleaf/2.6.1/spring-boot-starter-thymeleaf-2.6.1.jar:/root/.m2/repository/org/thymeleaf/thymeleaf-spring5/3.0.14.RELEASE/thymeleaf-spring5-3.0.14.RELEASE.jar:/root/.m2/repository/org/thymeleaf/thymeleaf/3.0.14.RELEASE/thymeleaf-3.0.14.RELEASE.jar:/root/.m2/repository/org/attoparser/attoparser/2.0.5.RELEASE/attoparser-2.0.5.RELEASE.jar:/root/.m2/repository/org/unbescape/unbescape/1.1.6.RELEASE/unbescape-1.1.6.RELEASE.jar:/root/.m2/repository/org/thymeleaf/extras/thymeleaf-extras-java8time/3.0.4.RELEASE/thymeleaf-extras-java8time-3.0.4.RELEASE.jar:/root/.m2/repository/org/springframework/boot/spring-boot-starter-actuator/2.6.1/spring-boot-starter-actuator-2.6.1.jar:/root/.m2/repository/org/springframework/boot/spring-boot-actuator-autoconfigure/2.6.1/spring-boot-actuator-autoconfigure-2.6.1.jar:/root/.m2/repository/org/springframework/boot/spring-boot-actuator/2.6.1/spring-boot-actuator-2.6.1.jar:/root/.m2/repository/io/micrometer/micrometer-core/1.8.0/micrometer-core-1.8.0.jar:/root/.m2/repository/org/hdrhistogram/HdrHistogram/2.1.12/HdrHistogram-2.1.12.jar:/root/.m2/repository/org/latencyutils/LatencyUtils/2.0.3/LatencyUtils-2.0.3.jar:/root/.m2/repository/org/springframework/retry/spring-retry/1.3.1/spring-retry-1.3.1.jar:/root/.m2/repository/javax/annotation/javax.annotation-api/1.3.2/javax.annotation-api-1.3.2.jar:/root/.m2/repository/org/thymeleaf/extras/thymeleaf-extras-springsecurity5/3.0.4.RELEASE/thymeleaf-extras-springsecurity5-3.0.4.RELEASE.jar:/root/.m2/repository/org/springframework/boot/spring-boot-starter-data-jpa/2.6.1/spring-boot-starter-data-jpa-2.6.1.jar:/root/.m2/repository/org/springframework/boot/spring-boot-starter-aop/2.6.1/spring-boot-starter-aop-2.6.1.jar:/root/.m2/repository/org/aspectj/aspectjweaver/1.9.7/aspectjweaver-1.9.7.jar:/root/.m2/repository/org/springframework/boot/spring-boot-starter-jdbc/2.6.1/spring-boot-starter-jdbc-2.6.1.jar:/root/.m2/repository/com/zaxxer/HikariCP/4.0.3/HikariCP-4.0.3.jar:/root/.m2/repository/org/springframework/spring-jdbc/5.3.13/spring-jdbc-5.3.13.jar:/root/.m2/repository/jakarta/transaction/jakarta.transaction-api/1.3.3/jakarta.transaction-api-1.3.3.jar:/root/.m2/repository/jakarta/persistence/jakarta.persistence-api/2.2.3/jakarta.persistence-api-2.2.3.jar:/root/.m2/repository/org/hibernate/hibernate-core/5.6.1.Final/hibernate-core-5.6.1.Final.jar:/root/.m2/repository/antlr/antlr/2.7.7/antlr-2.7.7.jar:/root/.m2/repository/org/jboss/jandex/2.2.3.Final/jandex-2.2.3.Final.jar:/root/.m2/repository/org/hibernate/common/hibernate-commons-annotations/5.1.2.Final/hibernate-commons-annotations-5.1.2.Final.jar:/root/.m2/repository/org/springframework/data/spring-data-jpa/2.6.0/spring-data-jpa-2.6.0.jar:/root/.m2/repository/org/springframework/data/spring-data-commons/2.6.0/spring-data-commons-2.6.0.jar:/root/.m2/repository/org/springframework/spring-orm/5.3.13/spring-orm-5.3.13.jar:/root/.m2/repository/org/springframework/spring-tx/5.3.13/spring-tx-5.3.13.jar:/root/.m2/repository/org/springframework/spring-aspects/5.3.13/spring-aspects-5.3.13.jar:/root/.m2/repository/org/webjars/bootstrap/3.3.7/bootstrap-3.3.7.jar:/root/.m2/repository/org/webjars/jquery/3.5.1/jquery-3.5.1.jar:/root/.m2/repository/org/hsqldb/hsqldb/2.5.2/hsqldb-2.5.2.jar:/root/demo/sonarqube/WebGoat/webwolf/target/webwolf-8.2.3-SNAPSHOT.jar:/root/.m2/repository/org/springframework/boot/spring-boot-starter-test/2.6.1/spring-boot-starter-test-2.6.1.jar:/root/.m2/repository/org/springframework/boot/spring-boot-starter/2.6.1/spring-boot-starter-2.6.1.jar:/root/.m2/repository/org/springframework/boot/spring-boot/2.6.1/spring-boot-2.6.1.jar:/root/.m2/repository/org/springframework/boot/spring-boot-autoconfigure/2.6.1/spring-boot-autoconfigure-2.6.1.jar:/root/.m2/repository/org/springframework/boot/spring-boot-starter-logging/2.6.1/spring-boot-starter-logging-2.6.1.jar:/root/.m2/repository/ch/qos/logback/logback-classic/1.2.7/logback-classic-1.2.7.jar:/root/.m2/repository/ch/qos/logback/logback-core/1.2.7/logback-core-1.2.7.jar:/root/.m2/repository/org/apache/logging/log4j/log4j-to-slf4j/2.14.1/log4j-to-slf4j-2.14.1.jar:/root/.m2/repository/org/apache/logging/log4j/log4j-api/2.14.1/log4j-api-2.14.1.jar:/root/.m2/repository/org/slf4j/jul-to-slf4j/1.7.32/jul-to-slf4j-1.7.32.jar:/root/.m2/repository/jakarta/annotation/jakarta.annotation-api/1.3.5/jakarta.annotation-api-1.3.5.jar:/root/.m2/repository/org/yaml/snakeyaml/1.29/snakeyaml-1.29.jar:/root/.m2/repository/org/springframework/boot/spring-boot-test/2.6.1/spring-boot-test-2.6.1.jar:/root/.m2/repository/org/springframework/boot/spring-boot-test-autoconfigure/2.6.1/spring-boot-test-autoconfigure-2.6.1.jar:/root/.m2/repository/com/jayway/jsonpath/json-path/2.6.0/json-path-2.6.0.jar:/root/.m2/repository/net/minidev/json-smart/2.4.7/json-smart-2.4.7.jar:/root/.m2/repository/net/minidev/accessors-smart/2.4.7/accessors-smart-2.4.7.jar:/root/.m2/repository/org/ow2/asm/asm/9.1/asm-9.1.jar:/root/.m2/repository/jakarta/xml/bind/jakarta.xml.bind-api/2.3.3/jakarta.xml.bind-api-2.3.3.jar:/root/.m2/repository/jakarta/activation/jakarta.activation-api/1.2.2/jakarta.activation-api-1.2.2.jar:/root/.m2/repository/org/assertj/assertj-core/3.21.0/assertj-core-3.21.0.jar:/root/.m2/repository/org/hamcrest/hamcrest/2.2/hamcrest-2.2.jar:/root/.m2/repository/org/junit/jupiter/junit-jupiter/5.8.1/junit-jupiter-5.8.1.jar:/root/.m2/repository/org/junit/jupiter/junit-jupiter-api/5.8.1/junit-jupiter-api-5.8.1.jar:/root/.m2/repository/org/opentest4j/opentest4j/1.2.0/opentest4j-1.2.0.jar:/root/.m2/repository/org/junit/platform/junit-platform-commons/1.8.1/junit-platform-commons-1.8.1.jar:/root/.m2/repository/org/apiguardian/apiguardian-api/1.1.2/apiguardian-api-1.1.2.jar:/root/.m2/repository/org/junit/jupiter/junit-jupiter-params/5.8.1/junit-jupiter-params-5.8.1.jar:/root/.m2/repository/org/junit/jupiter/junit-jupiter-engine/5.8.1/junit-jupiter-engine-5.8.1.jar:/root/.m2/repository/org/junit/platform/junit-platform-engine/1.8.1/junit-platform-engine-1.8.1.jar:/root/.m2/repository/org/mockito/mockito-core/4.0.0/mockito-core-4.0.0.jar:/root/.m2/repository/net/bytebuddy/byte-buddy-agent/1.11.22/byte-buddy-agent-1.11.22.jar:/root/.m2/repository/org/objenesis/objenesis/3.2/objenesis-3.2.jar:/root/.m2/repository/org/mockito/mockito-junit-jupiter/4.0.0/mockito-junit-jupiter-4.0.0.jar:/root/.m2/repository/org/skyscreamer/jsonassert/1.5.0/jsonassert-1.5.0.jar:/root/.m2/repository/com/vaadin/external/google/android-json/0.0.20131108.vaadin1/android-json-0.0.20131108.vaadin1.jar:/root/.m2/repository/org/springframework/spring-core/5.3.13/spring-core-5.3.13.jar:/root/.m2/repository/org/springframework/spring-jcl/5.3.13/spring-jcl-5.3.13.jar:/root/.m2/repository/org/springframework/spring-test/5.3.13/spring-test-5.3.13.jar:/root/.m2/repository/org/xmlunit/xmlunit-core/2.8.3/xmlunit-core-2.8.3.jar:/root/.m2/repository/io/rest-assured/rest-assured/4.4.0/rest-assured-4.4.0.jar:/root/.m2/repository/org/codehaus/groovy/groovy/3.0.9/groovy-3.0.9.jar:/root/.m2/repository/org/codehaus/groovy/groovy-xml/3.0.9/groovy-xml-3.0.9.jar:/root/.m2/repository/org/apache/httpcomponents/httpclient/4.5.13/httpclient-4.5.13.jar:/root/.m2/repository/org/apache/httpcomponents/httpcore/4.4.14/httpcore-4.4.14.jar:/root/.m2/repository/org/apache/httpcomponents/httpmime/4.5.13/httpmime-4.5.13.jar:/root/.m2/repository/org/ccil/cowan/tagsoup/tagsoup/1.2.1/tagsoup-1.2.1.jar:/root/.m2/repository/io/rest-assured/json-path/4.4.0/json-path-4.4.0.jar:/root/.m2/repository/org/codehaus/groovy/groovy-json/3.0.9/groovy-json-3.0.9.jar:/root/.m2/repository/io/rest-assured/rest-assured-common/4.4.0/rest-assured-common-4.4.0.jar:/root/.m2/repository/io/rest-assured/xml-path/4.4.0/xml-path-4.4.0.jar:/root/.m2/repository/com/sun/xml/bind/jaxb-impl/2.3.3/jaxb-impl-2.3.3.jar:/root/.m2/repository/org/springframework/boot/spring-boot-starter-validation/2.6.1/spring-boot-starter-validation-2.6.1.jar:/root/.m2/repository/org/apache/tomcat/embed/tomcat-embed-el/9.0.55/tomcat-embed-el-9.0.55.jar:/root/.m2/repository/org/hibernate/validator/hibernate-validator/6.2.0.Final/hibernate-validator-6.2.0.Final.jar:/root/.m2/repository/jakarta/validation/jakarta.validation-api/2.0.2/jakarta.validation-api-2.0.2.jar:/root/.m2/repository/org/jboss/logging/jboss-logging/3.4.2.Final/jboss-logging-3.4.2.Final.jar:/root/.m2/repository/com/fasterxml/classmate/1.5.1/classmate-1.5.1.jar:/root/.m2/repository/org/projectlombok/lombok/1.18.22/lombok-1.18.22.jar:/root/.m2/repository/org/apache/commons/commons-exec/1.3/commons-exec-1.3.jar:/root/.m2/repository/javax/xml/bind/jaxb-api/2.3.1/jaxb-api-2.3.1.jar:/root/.m2/repository/javax/activation/javax.activation-api/1.2.0/javax.activation-api-1.2.0.jar:"/>
    <property name="sun.cpu.endian" value="little"/>
    <property name="user.home" value="/root"/>
    <property name="user.language" value="en"/>
    <property name="java.specification.vendor" value="Oracle Corporation"/>
    <property name="java.version.date" value="2021-10-19"/>
    <property name="java.home" value="/usr/lib/jvm/java-17-openjdk-amd64"/>
    <property name="file.separator" value="/"/>
    <property name="basedir" value="/root/demo/sonarqube/WebGoat/webgoat-integration-tests"/>
    <property name="java.vm.compressedOopsMode" value="32-bit"/>
    <property name="line.separator" value="&#10;"/>
    <property name="java.vm.specification.vendor" value="Oracle Corporation"/>
    <property name="java.specification.name" value="Java Platform API Specification"/>
    <property name="FILE_LOG_CHARSET" value="UTF-8"/>
    <property name="java.awt.headless" value="true"/>
    <property name="surefire.real.class.path" value="/root/demo/sonarqube/WebGoat/webgoat-integration-tests/target/surefire/surefirebooter6974023812964202467.jar"/>
    <property name="awt.useSystemAAFontSettings" value="on"/>
    <property name="sun.management.compiler" value="HotSpot 64-Bit Tiered Compilers"/>
    <property name="java.runtime.version" value="17.0.1+12-Debian-1"/>
    <property name="user.name" value="root"/>
    <property name="path.separator" value=":"/>
    <property name="os.version" value="5.10.0-kali3-amd64"/>
    <property name="java.runtime.name" value="OpenJDK Runtime Environment"/>
    <property name="file.encoding" value="UTF-8"/>
    <property name="spring.beaninfo.ignore" value="true"/>
    <property name="java.vm.name" value="OpenJDK 64-Bit Server VM"/>
    <property name="localRepository" value="/root/.m2/repository"/>
    <property name="java.vendor.url.bug" value="https://bugs.debian.org/openjdk-17"/>
    <property name="java.io.tmpdir" value="/tmp"/>
    <property name="java.version" value="17.0.1"/>
    <property name="user.dir" value="/root/demo/sonarqube/WebGoat/webgoat-integration-tests"/>
    <property name="os.arch" value="amd64"/>
    <property name="java.vm.specification.name" value="Java Virtual Machine Specification"/>
    <property name="PID" value="10079"/>
    <property name="CONSOLE_LOG_CHARSET" value="UTF-8"/>
    <property name="native.encoding" value="UTF-8"/>
    <property name="java.library.path" value="/usr/java/packages/lib:/usr/lib/x86_64-linux-gnu/jni:/lib/x86_64-linux-gnu:/usr/lib/x86_64-linux-gnu:/usr/lib/jni:/lib:/usr/lib"/>
    <property name="java.vm.info" value="mixed mode, sharing"/>
    <property name="java.vendor" value="Debian"/>
    <property name="java.vm.version" value="17.0.1+12-Debian-1"/>
    <property name="sun.io.unicode.encoding" value="UnicodeLittle"/>
    <property name="java.class.version" value="61.0"/>
  </properties>
  <testcase name="runTests" classname="org.owasp.webgoat.SSRFTest" time="0.06">
    <error type="java.net.ConnectException"><![CDATA[java.net.ConnectException: Connection refused
]]></error>
  </testcase>
</testsuite>